<?xml version="1.0" encoding="UTF-8"?>
<!-- Generated by org.testng.reporters.JUnitXMLReporter -->
<testsuite hostname="Shubha4150-01" ignored="16" name="Test" tests="6" failures="3" timestamp="10 Apr 2020 12:20:28 GMT" time="52.228" errors="0">
  <testcase name="bookFlight" time="15.536" classname="com.nagp.seleniumassignment2.testcases.BookFlight"/>
  <testcase name="cruiseInfo" time="10.094" classname="com.nagp.seleniumassignment2.testcases.CruisesTest">
    <failure type="org.openqa.selenium.TimeoutException" message="Expected condition failed: waiting for title to contain &amp;quot;Cruises: Mercury Tours&amp;quot;. Current title: &amp;quot;Under Construction: Mercury Tours&amp;quot; (tried for 10 second(s) with 500 milliseconds interval)
Build info: version: &amp;apos;3.141.59&amp;apos;, revision: &amp;apos;e82be7d358&amp;apos;, time: &amp;apos;2018-11-14T08:17:03&amp;apos;
System info: host: &amp;apos;SHUBHA4150-01&amp;apos;, ip: &amp;apos;192.168.1.3&amp;apos;, os.name: &amp;apos;Windows 10&amp;apos;, os.arch: &amp;apos;amd64&amp;apos;, os.version: &amp;apos;10.0&amp;apos;, java.version: &amp;apos;1.8.0_181&amp;apos;
Driver info: org.openqa.selenium.edge.EdgeDriver
Capabilities {InPrivate: false, acceptSslCerts: true, applicationCacheEnabled: true, browserName: MicrosoftEdge, browserVersion: 42.17134.1098.0, javascriptEnabled: true, locationContextEnabled: true, pageLoadStrategy: normal, platform: WINDOWS, platformName: WINDOWS, platformVersion: 10, takesElementScreenshot: true, takesScreenshot: true, webStorageEnabled: true}
Session ID: D103985E-CEA4-47A3-B6C6-A2DA7E427957">
      <![CDATA[org.openqa.selenium.TimeoutException: Expected condition failed: waiting for title to contain "Cruises: Mercury Tours". Current title: "Under Construction: Mercury Tours" (tried for 10 second(s) with 500 milliseconds interval)
Build info: version: '3.141.59', revision: 'e82be7d358', time: '2018-11-14T08:17:03'
System info: host: 'SHUBHA4150-01', ip: '192.168.1.3', os.name: 'Windows 10', os.arch: 'amd64', os.version: '10.0', java.version: '1.8.0_181'
Driver info: org.openqa.selenium.edge.EdgeDriver
Capabilities {InPrivate: false, acceptSslCerts: true, applicationCacheEnabled: true, browserName: MicrosoftEdge, browserVersion: 42.17134.1098.0, javascriptEnabled: true, locationContextEnabled: true, pageLoadStrategy: normal, platform: WINDOWS, platformName: WINDOWS, platformVersion: 10, takesElementScreenshot: true, takesScreenshot: true, webStorageEnabled: true}
Session ID: D103985E-CEA4-47A3-B6C6-A2DA7E427957
at org.openqa.selenium.support.ui.WebDriverWait.timeoutException(WebDriverWait.java:95)
at org.openqa.selenium.support.ui.FluentWait.until(FluentWait.java:272)
at com.nagp.seleniumassignment2.testcases.CruisesTest.cruiseInfo(CruisesTest.java:20)
... Removed 25 stack frames]]>
    </failure>
  </testcase> <!-- cruiseInfo -->
  <testcase name="verifyLogin" time="3.667" classname="com.nagp.seleniumassignment2.testcases.HomePageTests"/>
  <testcase name="verifyLogin" time="11.066" classname="com.nagp.seleniumassignment2.testcases.HomePageTests">
    <failure type="org.openqa.selenium.TimeoutException" message="Expected condition failed: waiting for title to contain &amp;quot;Find a Flight: Mercury Tours:&amp;quot;. Current title: &amp;quot;Sign-on: Mercury Tours&amp;quot; (tried for 10 second(s) with 500 milliseconds interval)
Build info: version: &amp;apos;3.141.59&amp;apos;, revision: &amp;apos;e82be7d358&amp;apos;, time: &amp;apos;2018-11-14T08:17:03&amp;apos;
System info: host: &amp;apos;SHUBHA4150-01&amp;apos;, ip: &amp;apos;192.168.1.3&amp;apos;, os.name: &amp;apos;Windows 10&amp;apos;, os.arch: &amp;apos;amd64&amp;apos;, os.version: &amp;apos;10.0&amp;apos;, java.version: &amp;apos;1.8.0_181&amp;apos;
Driver info: org.openqa.selenium.edge.EdgeDriver
Capabilities {InPrivate: false, acceptSslCerts: true, applicationCacheEnabled: true, browserName: MicrosoftEdge, browserVersion: 42.17134.1098.0, javascriptEnabled: true, locationContextEnabled: true, pageLoadStrategy: normal, platform: WINDOWS, platformName: WINDOWS, platformVersion: 10, takesElementScreenshot: true, takesScreenshot: true, webStorageEnabled: true}
Session ID: D103985E-CEA4-47A3-B6C6-A2DA7E427957">
      <![CDATA[org.openqa.selenium.TimeoutException: Expected condition failed: waiting for title to contain "Find a Flight: Mercury Tours:". Current title: "Sign-on: Mercury Tours" (tried for 10 second(s) with 500 milliseconds interval)
Build info: version: '3.141.59', revision: 'e82be7d358', time: '2018-11-14T08:17:03'
System info: host: 'SHUBHA4150-01', ip: '192.168.1.3', os.name: 'Windows 10', os.arch: 'amd64', os.version: '10.0', java.version: '1.8.0_181'
Driver info: org.openqa.selenium.edge.EdgeDriver
Capabilities {InPrivate: false, acceptSslCerts: true, applicationCacheEnabled: true, browserName: MicrosoftEdge, browserVersion: 42.17134.1098.0, javascriptEnabled: true, locationContextEnabled: true, pageLoadStrategy: normal, platform: WINDOWS, platformName: WINDOWS, platformVersion: 10, takesElementScreenshot: true, takesScreenshot: true, webStorageEnabled: true}
Session ID: D103985E-CEA4-47A3-B6C6-A2DA7E427957
at org.openqa.selenium.support.ui.WebDriverWait.timeoutException(WebDriverWait.java:95)
at org.openqa.selenium.support.ui.FluentWait.until(FluentWait.java:272)
at com.nagp.seleniumassignment2.testcases.HomePageTests.verifyLogin(HomePageTests.java:37)
... Removed 25 stack frames]]>
    </failure>
  </testcase> <!-- verifyLogin -->
  <testcase name="verifyTabs" time="5.169" classname="com.nagp.seleniumassignment2.testcases.HomePageTests">
    <failure type="java.lang.AssertionError" message="The following asserts failed:
	expected [Support: Mercury Tours] but found [Under Construction: Mercury Tours],
	expected [Contact: Mercury Tours] but found [Under Construction: Mercury Tours]">
      <![CDATA[java.lang.AssertionError: The following asserts failed:
expected [Support: Mercury Tours] but found [Under Construction: Mercury Tours],
expected [Contact: Mercury Tours] but found [Under Construction: Mercury Tours]
at com.nagp.seleniumassignment2.testcases.HomePageTests.verifyTabs(HomePageTests.java:91)
... Removed 26 stack frames]]>
    </failure>
  </testcase> <!-- verifyTabs -->
  <testcase name="RegisteraNewUser" time="3.073" classname="com.nagp.seleniumassignment2.testcases.RegisterUser"/>
  <testcase name="@BeforeSuite initializeBrowser" time="0.0" classname="com.nagp.seleniumassignment2.basepage.BasePage">
    <ignored/>
  </testcase> <!-- @BeforeSuite initializeBrowser -->
  <testcase name="@BeforeSuite initializeBrowser" time="0.0" classname="com.nagp.seleniumassignment2.basepage.BasePage">
    <ignored/>
  </testcase> <!-- @BeforeSuite initializeBrowser -->
  <testcase name="@BeforeSuite initializeBrowser" time="0.0" classname="com.nagp.seleniumassignment2.basepage.BasePage">
    <ignored/>
  </testcase> <!-- @BeforeSuite initializeBrowser -->
  <testcase name="@BeforeSuite initializeBrowser" time="0.0" classname="com.nagp.seleniumassignment2.basepage.BasePage">
    <ignored/>
  </testcase> <!-- @BeforeSuite initializeBrowser -->
  <testcase name="@BeforeTest navigateToUrl" time="0.0" classname="com.nagp.seleniumassignment2.basepage.BasePage">
    <ignored/>
  </testcase> <!-- @BeforeTest navigateToUrl -->
  <testcase name="@BeforeTest navigateToUrl" time="0.0" classname="com.nagp.seleniumassignment2.basepage.BasePage">
    <ignored/>
  </testcase> <!-- @BeforeTest navigateToUrl -->
  <testcase name="@BeforeTest navigateToUrl" time="0.0" classname="com.nagp.seleniumassignment2.basepage.BasePage">
    <ignored/>
  </testcase> <!-- @BeforeTest navigateToUrl -->
  <testcase name="@BeforeTest navigateToUrl" time="0.0" classname="com.nagp.seleniumassignment2.basepage.BasePage">
    <ignored/>
  </testcase> <!-- @BeforeTest navigateToUrl -->
  <testcase name="@AfterTest CloseWindow" time="0.0" classname="com.nagp.seleniumassignment2.basepage.BasePage">
    <ignored/>
  </testcase> <!-- @AfterTest CloseWindow -->
  <testcase name="@AfterTest CloseWindow" time="0.0" classname="com.nagp.seleniumassignment2.basepage.BasePage">
    <ignored/>
  </testcase> <!-- @AfterTest CloseWindow -->
  <testcase name="@AfterTest CloseWindow" time="0.0" classname="com.nagp.seleniumassignment2.basepage.BasePage">
    <ignored/>
  </testcase> <!-- @AfterTest CloseWindow -->
  <testcase name="@AfterTest CloseWindow" time="0.0" classname="com.nagp.seleniumassignment2.basepage.BasePage">
    <ignored/>
  </testcase> <!-- @AfterTest CloseWindow -->
  <testcase name="@AfterSuite tearDown" time="0.0" classname="com.nagp.seleniumassignment2.basepage.BasePage">
    <ignored/>
  </testcase> <!-- @AfterSuite tearDown -->
  <testcase name="@AfterSuite tearDown" time="0.0" classname="com.nagp.seleniumassignment2.basepage.BasePage">
    <ignored/>
  </testcase> <!-- @AfterSuite tearDown -->
  <testcase name="@AfterSuite tearDown" time="0.0" classname="com.nagp.seleniumassignment2.basepage.BasePage">
    <ignored/>
  </testcase> <!-- @AfterSuite tearDown -->
  <testcase name="@AfterSuite tearDown" time="0.0" classname="com.nagp.seleniumassignment2.basepage.BasePage">
    <ignored/>
  </testcase> <!-- @AfterSuite tearDown -->
</testsuite> <!-- Test -->
